2017-10-30 11:40:00,316 [ModalContext] INFO  o.e.m.c.i.e.AbstractTransferListenerAdapter - Downloaded file:///C:/Users/ritis/.m2/repository/org/apache/maven/archetypes/maven-archetype-webapp/1.0/maven-archetype-webapp-1.0.jar
2017-10-30 11:40:00,327 [ModalContext] INFO  o.e.m.c.i.e.AbstractTransferListenerAdapter - Downloaded file:///C:/Users/ritis/.m2/repository/org/apache/maven/archetypes/maven-archetype-webapp/1.0/maven-archetype-webapp-1.0.pom
2017-10-30 11:40:00,365 [ModalContext] INFO  o.e.m.c.i.p.ProjectConfigurationManager - Collecting project info '/pom.xml' C:\Users\ritis\Desktop\Egiants10292017\webproject\pom.xml
2017-10-30 11:40:01,936 [ModalContext] INFO  o.e.m.c.i.l.LifecycleMappingFactory - Using org.maven.ide.eclipse.wtp.WarLifecycleMapping lifecycle mapping for MavenProject: com.amazonaws.beanstalk:webproject:1.0.0 @ C:\Users\ritis\Desktop\Egiants10292017\webproject\pom.xml.
2017-10-30 11:40:02,745 [ModalContext] INFO  o.e.m.j.i.AbstractJavaProjectConfigurator - Adding source folder /webproject/src/main/java
2017-10-30 11:40:02,746 [ModalContext] INFO  o.e.m.j.i.AbstractJavaProjectConfigurator - Adding resource folder /webproject/src/main/resources
2017-10-30 11:40:02,748 [ModalContext] INFO  o.e.m.j.i.AbstractJavaProjectConfigurator - Adding source folder /webproject/src/test/java
2017-10-30 11:40:03,414 [Worker-12] WARN  o.e.m.c.i.embedder.EclipseLogger - Using platform encoding (Cp1252 actually) to copy filtered resources, i.e. build is platform dependent!
2017-10-30 11:40:03,427 [Worker-12] INFO  o.e.m.c.i.embedder.EclipseLogger - Copying 0 resource
2017-10-30 11:40:03,435 [Worker-12] WARN  o.e.m.c.i.embedder.EclipseLogger - Using platform encoding (Cp1252 actually) to copy filtered resources, i.e. build is platform dependent!
2017-10-30 11:40:03,440 [Worker-12] INFO  o.e.m.c.i.embedder.EclipseLogger - skip non existing resourceDirectory C:\Users\ritis\Desktop\Egiants10292017\webproject\src\test\resources
2017-10-30 11:40:04,627 [Worker-12] WARN  o.e.m.c.i.embedder.EclipseLogger - Using platform encoding (Cp1252 actually) to copy filtered resources, i.e. build is platform dependent!
2017-10-30 11:40:04,630 [Worker-12] INFO  o.e.m.c.i.embedder.EclipseLogger - Copying 0 resource
2017-10-30 11:40:04,631 [Worker-12] WARN  o.e.m.c.i.embedder.EclipseLogger - Using platform encoding (Cp1252 actually) to copy filtered resources, i.e. build is platform dependent!
2017-10-30 11:40:04,632 [Worker-12] INFO  o.e.m.c.i.embedder.EclipseLogger - skip non existing resourceDirectory C:\Users\ritis\Desktop\Egiants10292017\webproject\src\test\resources
2017-10-30 11:40:06,145 [ModalContext] INFO  o.e.m.c.i.p.ProjectConfigurationManager - Imported and configured 1 project(s) in 5 sec
2017-10-30 11:40:07,756 [Worker-9] INFO  o.e.m.c.i.e.AbstractTransferListenerAdapter - Downloading https://repo.maven.apache.org/maven2/com/amazonaws/aws-java-sdk-bom/1.11.104/aws-java-sdk-bom-1.11.104.pom
2017-10-30 11:40:07,852 [Worker-9] INFO  o.e.m.c.i.e.AbstractTransferListenerAdapter - Downloaded https://repo.maven.apache.org/maven2/com/amazonaws/aws-java-sdk-bom/1.11.104/aws-java-sdk-bom-1.11.104.pom
2017-10-30 11:40:07,898 [Worker-9] INFO  o.e.m.c.i.e.AbstractTransferListenerAdapter - Downloading https://repo.maven.apache.org/maven2/com/amazonaws/aws-java-sdk-pom/1.11.104/aws-java-sdk-pom-1.11.104.pom
2017-10-30 11:40:07,947 [Worker-9] INFO  o.e.m.c.i.e.AbstractTransferListenerAdapter - Downloaded https://repo.maven.apache.org/maven2/com/amazonaws/aws-java-sdk-pom/1.11.104/aws-java-sdk-pom-1.11.104.pom
2017-10-30 11:40:08,437 [Worker-9] INFO  o.e.m.c.i.l.LifecycleMappingFactory - Using org.maven.ide.eclipse.wtp.WarLifecycleMapping lifecycle mapping for MavenProject: com.amazonaws.beanstalk:webproject:1.0.0 @ C:\Users\ritis\Desktop\Egiants10292017\webproject\pom.xml.
2017-10-30 11:40:08,510 [Worker-9] INFO  o.e.m.c.i.e.AbstractTransferListenerAdapter - Downloading https://repo.maven.apache.org/maven2/com/amazonaws/aws-java-sdk-ec2/1.11.104/aws-java-sdk-ec2-1.11.104.pom
2017-10-30 11:40:08,564 [Worker-9] INFO  o.e.m.c.i.e.AbstractTransferListenerAdapter - Downloaded https://repo.maven.apache.org/maven2/com/amazonaws/aws-java-sdk-ec2/1.11.104/aws-java-sdk-ec2-1.11.104.pom
2017-10-30 11:40:08,611 [Worker-9] INFO  o.e.m.c.i.e.AbstractTransferListenerAdapter - Downloading https://repo.maven.apache.org/maven2/com/amazonaws/aws-java-sdk-core/1.11.104/aws-java-sdk-core-1.11.104.pom
2017-10-30 11:40:08,688 [Worker-9] INFO  o.e.m.c.i.e.AbstractTransferListenerAdapter - Downloaded https://repo.maven.apache.org/maven2/com/amazonaws/aws-java-sdk-core/1.11.104/aws-java-sdk-core-1.11.104.pom
2017-10-30 11:40:08,772 [Worker-9] INFO  o.e.m.c.i.e.AbstractTransferListenerAdapter - Downloading https://repo.maven.apache.org/maven2/commons-logging/commons-logging/1.1.3/commons-logging-1.1.3.pom
2017-10-30 11:40:08,849 [Worker-9] INFO  o.e.m.c.i.e.AbstractTransferListenerAdapter - Downloaded https://repo.maven.apache.org/maven2/commons-logging/commons-logging/1.1.3/commons-logging-1.1.3.pom
2017-10-30 11:40:09,029 [Worker-9] INFO  o.e.m.c.i.e.AbstractTransferListenerAdapter - Downloading https://repo.maven.apache.org/maven2/software/amazon/ion/ion-java/1.0.2/ion-java-1.0.2.pom
2017-10-30 11:40:09,082 [Worker-9] INFO  o.e.m.c.i.e.AbstractTransferListenerAdapter - Downloaded https://repo.maven.apache.org/maven2/software/amazon/ion/ion-java/1.0.2/ion-java-1.0.2.pom
2017-10-30 11:40:09,148 [Worker-9] INFO  o.e.m.c.i.e.AbstractTransferListenerAdapter - Downloading https://repo.maven.apache.org/maven2/com/fasterxml/jackson/core/jackson-annotations/2.6.0/jackson-annotations-2.6.0.pom
2017-10-30 11:40:09,208 [Worker-9] INFO  o.e.m.c.i.e.AbstractTransferListenerAdapter - Downloaded https://repo.maven.apache.org/maven2/com/fasterxml/jackson/core/jackson-annotations/2.6.0/jackson-annotations-2.6.0.pom
2017-10-30 11:40:09,274 [Worker-9] INFO  o.e.m.c.i.e.AbstractTransferListenerAdapter - Downloading https://repo.maven.apache.org/maven2/com/fasterxml/jackson/dataformat/jackson-dataformat-cbor/2.6.6/jackson-dataformat-cbor-2.6.6.pom
2017-10-30 11:40:09,336 [Worker-9] INFO  o.e.m.c.i.e.AbstractTransferListenerAdapter - Downloaded https://repo.maven.apache.org/maven2/com/fasterxml/jackson/dataformat/jackson-dataformat-cbor/2.6.6/jackson-dataformat-cbor-2.6.6.pom
2017-10-30 11:40:09,389 [Worker-9] INFO  o.e.m.c.i.e.AbstractTransferListenerAdapter - Downloading https://repo.maven.apache.org/maven2/joda-time/joda-time/2.8.1/joda-time-2.8.1.pom
2017-10-30 11:40:09,502 [Worker-9] INFO  o.e.m.c.i.e.AbstractTransferListenerAdapter - Downloaded https://repo.maven.apache.org/maven2/joda-time/joda-time/2.8.1/joda-time-2.8.1.pom
2017-10-30 11:40:09,561 [Worker-9] INFO  o.e.m.c.i.e.AbstractTransferListenerAdapter - Downloading https://repo.maven.apache.org/maven2/com/amazonaws/jmespath-java/1.11.104/jmespath-java-1.11.104.pom
2017-10-30 11:40:09,648 [Worker-9] INFO  o.e.m.c.i.e.AbstractTransferListenerAdapter - Downloaded https://repo.maven.apache.org/maven2/com/amazonaws/jmespath-java/1.11.104/jmespath-java-1.11.104.pom
2017-10-30 11:40:09,735 [Worker-9] INFO  o.e.m.c.i.e.AbstractTransferListenerAdapter - Downloading https://repo.maven.apache.org/maven2/com/amazonaws/aws-java-sdk-s3/1.11.104/aws-java-sdk-s3-1.11.104.pom
2017-10-30 11:40:09,798 [Worker-9] INFO  o.e.m.c.i.e.AbstractTransferListenerAdapter - Downloaded https://repo.maven.apache.org/maven2/com/amazonaws/aws-java-sdk-s3/1.11.104/aws-java-sdk-s3-1.11.104.pom
2017-10-30 11:40:09,866 [Worker-9] INFO  o.e.m.c.i.e.AbstractTransferListenerAdapter - Downloading https://repo.maven.apache.org/maven2/com/amazonaws/aws-java-sdk-kms/1.11.104/aws-java-sdk-kms-1.11.104.pom
2017-10-30 11:40:09,926 [Worker-9] INFO  o.e.m.c.i.e.AbstractTransferListenerAdapter - Downloaded https://repo.maven.apache.org/maven2/com/amazonaws/aws-java-sdk-kms/1.11.104/aws-java-sdk-kms-1.11.104.pom
2017-10-30 11:40:09,992 [Worker-9] INFO  o.e.m.c.i.e.AbstractTransferListenerAdapter - Downloading https://repo.maven.apache.org/maven2/com/amazonaws/aws-java-sdk-dynamodb/1.11.104/aws-java-sdk-dynamodb-1.11.104.pom
2017-10-30 11:40:10,062 [Worker-9] INFO  o.e.m.c.i.e.AbstractTransferListenerAdapter - Downloaded https://repo.maven.apache.org/maven2/com/amazonaws/aws-java-sdk-dynamodb/1.11.104/aws-java-sdk-dynamodb-1.11.104.pom
2017-10-30 11:40:10,142 [Worker-9] INFO  o.e.m.c.i.e.AbstractTransferListenerAdapter - Downloading https://repo.maven.apache.org/maven2/com/amazonaws/aws-java-sdk-ec2/1.11.104/aws-java-sdk-ec2-1.11.104.jar
2017-10-30 11:40:12,051 [Worker-9] INFO  o.e.m.c.i.e.AbstractTransferListenerAdapter - Downloaded https://repo.maven.apache.org/maven2/com/amazonaws/aws-java-sdk-ec2/1.11.104/aws-java-sdk-ec2-1.11.104.jar
2017-10-30 11:40:12,102 [Worker-9] INFO  o.e.m.c.i.e.AbstractTransferListenerAdapter - Downloading https://repo.maven.apache.org/maven2/com/amazonaws/aws-java-sdk-core/1.11.104/aws-java-sdk-core-1.11.104.jar
2017-10-30 11:40:12,380 [Worker-9] INFO  o.e.m.c.i.e.AbstractTransferListenerAdapter - Downloaded https://repo.maven.apache.org/maven2/com/amazonaws/aws-java-sdk-core/1.11.104/aws-java-sdk-core-1.11.104.jar
2017-10-30 11:40:12,585 [Worker-9] INFO  o.e.m.c.i.e.AbstractTransferListenerAdapter - Downloading https://repo.maven.apache.org/maven2/commons-logging/commons-logging/1.1.3/commons-logging-1.1.3.jar
2017-10-30 11:40:12,749 [Worker-9] INFO  o.e.m.c.i.e.AbstractTransferListenerAdapter - Downloaded https://repo.maven.apache.org/maven2/commons-logging/commons-logging/1.1.3/commons-logging-1.1.3.jar
2017-10-30 11:40:12,862 [Worker-9] INFO  o.e.m.c.i.e.AbstractTransferListenerAdapter - Downloading https://repo.maven.apache.org/maven2/software/amazon/ion/ion-java/1.0.2/ion-java-1.0.2.jar
2017-10-30 11:40:13,128 [Worker-9] INFO  o.e.m.c.i.e.AbstractTransferListenerAdapter - Downloaded https://repo.maven.apache.org/maven2/software/amazon/ion/ion-java/1.0.2/ion-java-1.0.2.jar
2017-10-30 11:40:13,167 [Worker-9] INFO  o.e.m.c.i.e.AbstractTransferListenerAdapter - Downloading https://repo.maven.apache.org/maven2/com/fasterxml/jackson/core/jackson-annotations/2.6.0/jackson-annotations-2.6.0.jar
2017-10-30 11:40:13,242 [Worker-9] INFO  o.e.m.c.i.e.AbstractTransferListenerAdapter - Downloaded https://repo.maven.apache.org/maven2/com/fasterxml/jackson/core/jackson-annotations/2.6.0/jackson-annotations-2.6.0.jar
2017-10-30 11:40:13,305 [Worker-9] INFO  o.e.m.c.i.e.AbstractTransferListenerAdapter - Downloading https://repo.maven.apache.org/maven2/com/fasterxml/jackson/dataformat/jackson-dataformat-cbor/2.6.6/jackson-dataformat-cbor-2.6.6.jar
2017-10-30 11:40:13,373 [Worker-9] INFO  o.e.m.c.i.e.AbstractTransferListenerAdapter - Downloaded https://repo.maven.apache.org/maven2/com/fasterxml/jackson/dataformat/jackson-dataformat-cbor/2.6.6/jackson-dataformat-cbor-2.6.6.jar
2017-10-30 11:40:13,411 [Worker-9] INFO  o.e.m.c.i.e.AbstractTransferListenerAdapter - Downloading https://repo.maven.apache.org/maven2/joda-time/joda-time/2.8.1/joda-time-2.8.1.jar
2017-10-30 11:40:13,647 [Worker-9] INFO  o.e.m.c.i.e.AbstractTransferListenerAdapter - Downloaded https://repo.maven.apache.org/maven2/joda-time/joda-time/2.8.1/joda-time-2.8.1.jar
2017-10-30 11:40:13,685 [Worker-9] INFO  o.e.m.c.i.e.AbstractTransferListenerAdapter - Downloading https://repo.maven.apache.org/maven2/com/amazonaws/jmespath-java/1.11.104/jmespath-java-1.11.104.jar
2017-10-30 11:40:13,743 [Worker-9] INFO  o.e.m.c.i.e.AbstractTransferListenerAdapter - Downloaded https://repo.maven.apache.org/maven2/com/amazonaws/jmespath-java/1.11.104/jmespath-java-1.11.104.jar
2017-10-30 11:40:13,775 [Worker-9] INFO  o.e.m.c.i.e.AbstractTransferListenerAdapter - Downloading https://repo.maven.apache.org/maven2/com/amazonaws/aws-java-sdk-s3/1.11.104/aws-java-sdk-s3-1.11.104.jar
2017-10-30 11:40:14,034 [Worker-9] INFO  o.e.m.c.i.e.AbstractTransferListenerAdapter - Downloaded https://repo.maven.apache.org/maven2/com/amazonaws/aws-java-sdk-s3/1.11.104/aws-java-sdk-s3-1.11.104.jar
2017-10-30 11:40:14,087 [Worker-9] INFO  o.e.m.c.i.e.AbstractTransferListenerAdapter - Downloading https://repo.maven.apache.org/maven2/com/amazonaws/aws-java-sdk-kms/1.11.104/aws-java-sdk-kms-1.11.104.jar
2017-10-30 11:40:14,219 [Worker-9] INFO  o.e.m.c.i.e.AbstractTransferListenerAdapter - Downloaded https://repo.maven.apache.org/maven2/com/amazonaws/aws-java-sdk-kms/1.11.104/aws-java-sdk-kms-1.11.104.jar
2017-10-30 11:40:14,303 [Worker-9] INFO  o.e.m.c.i.e.AbstractTransferListenerAdapter - Downloading https://repo.maven.apache.org/maven2/com/amazonaws/aws-java-sdk-dynamodb/1.11.104/aws-java-sdk-dynamodb-1.11.104.jar
2017-10-30 11:40:14,661 [Worker-9] INFO  o.e.m.c.i.e.AbstractTransferListenerAdapter - Downloaded https://repo.maven.apache.org/maven2/com/amazonaws/aws-java-sdk-dynamodb/1.11.104/aws-java-sdk-dynamodb-1.11.104.jar
2017-10-30 11:40:15,855 [Worker-9] WARN  o.e.m.c.i.embedder.EclipseLogger - Using platform encoding (Cp1252 actually) to copy filtered resources, i.e. build is platform dependent!
2017-10-30 11:40:15,858 [Worker-9] INFO  o.e.m.c.i.embedder.EclipseLogger - Copying 0 resource
2017-10-30 11:40:15,860 [Worker-9] WARN  o.e.m.c.i.embedder.EclipseLogger - Using platform encoding (Cp1252 actually) to copy filtered resources, i.e. build is platform dependent!
2017-10-30 11:40:15,861 [Worker-9] INFO  o.e.m.c.i.embedder.EclipseLogger - skip non existing resourceDirectory C:\Users\ritis\Desktop\Egiants10292017\webproject\src\test\resources
2017-10-30 11:40:15,863 [Worker-9] INFO  o.e.m.w.i.f.ResourceFilteringBuildParticipant - Changed resources require a complete clean of filtered resources of webproject
2017-10-30 11:40:15,864 [Worker-9] INFO  o.e.m.w.i.f.ResourceFilteringBuildParticipant - Executing resource filtering for webproject
2017-10-30 11:40:15,870 [Worker-9] WARN  o.e.m.c.i.embedder.EclipseLogger - Using platform encoding (Cp1252 actually) to copy filtered resources, i.e. build is platform dependent!
2017-10-30 11:40:17,901 [Worker-12] WARN  o.e.m.c.i.embedder.EclipseLogger - Using platform encoding (Cp1252 actually) to copy filtered resources, i.e. build is platform dependent!
2017-10-30 11:40:17,902 [Worker-12] INFO  o.e.m.c.i.embedder.EclipseLogger - Copying 0 resource
2017-10-30 11:40:17,903 [Worker-12] WARN  o.e.m.c.i.embedder.EclipseLogger - Using platform encoding (Cp1252 actually) to copy filtered resources, i.e. build is platform dependent!
2017-10-30 11:40:17,904 [Worker-12] INFO  o.e.m.c.i.embedder.EclipseLogger - skip non existing resourceDirectory C:\Users\ritis\Desktop\Egiants10292017\webproject\src\test\resources
